<?xml version="1.0" encoding="UTF-8"?>
<!-- Generated by org.testng.reporters.JUnitReportReporter -->
<testsuite hostname="DESKTOP-K0CQ021" failures="0" tests="2" name="testNGPack.SelectBrowser" time="8.581" errors="0" timestamp="2023-01-24T13:48:16 IST" skipped="0">
  <testcase classname="testNGPack.SelectBrowser" name="openBrowser" time="4.619"/>
  <system-out/>
  <testcase classname="testNGPack.SelectBrowser" name="openBrowser" time="3.962"/>
  <system-out/>
</testsuite> <!-- testNGPack.SelectBrowser -->
